<?xml version="1.0" encoding="UTF-8"?>
<!-- Generated by org.testng.reporters.JUnitXMLReporter -->
<testsuite ignored="0" hostname="DESKTOP-PAQK8PM" failures="1" tests="8" name="Test" time="46.238" errors="0" timestamp="2022-09-06T18:16:12 IST">
  <testcase classname="gproject.prac.OneTest" name="searchtexttest" time="1.96"/>
  <testcase classname="gproject.prac.TwoTest" name="signin" time="2.857"/>
  <testcase classname="gproject.prac.OneTest" name="gmaillinktest" time="4.308"/>
  <testcase classname="gproject.prac.OneTest" name="imglinktest" time="4.299"/>
  <testcase classname="gproject.prac.OneTest" name="signinlinktest" time="1.482"/>
  <testcase classname="gproject.prac.TwoTest" name="emailtxt" time="5.355"/>
  <testcase classname="gproject.prac.TwoTest" name="emailtxt" time="4.868"/>
  <testcase classname="gproject.prac.TwoTest" name="createaccount" time="7.557">
    <failure type="java.lang.AssertionError" message="null">
      <![CDATA[java.lang.AssertionError: null
at gproject.prac.TwoTest.createaccount(TwoTest.java:74)
at java.base/java.util.ArrayList.forEach(ArrayList.java:1541)
at java.base/java.util.concurrent.FutureTask.run(FutureTask.java:264)
at java.base/java.util.concurrent.ThreadPoolExecutor.runWorker(ThreadPoolExecutor.java:1128)
at java.base/java.util.concurrent.ThreadPoolExecutor$Worker.run(ThreadPoolExecutor.java:628)
at java.base/java.lang.Thread.run(Thread.java:834)
... Removed 20 stack frames]]>
    </failure>
  </testcase> <!-- createaccount -->
</testsuite> <!-- Test -->
