<?xml version="1.0" encoding="UTF-8"?>
<!-- Generated by org.testng.reporters.JUnitXMLReporter -->
<testsuite ignored="0" hostname="DESKTOP-PAQK8PM" failures="1" tests="4" name="Test2" time="20.991" errors="0" timestamp="2022-09-06T18:13:52 IST">
  <testcase classname="gproject.prac.TwoTest" name="signin" time="2.768"/>
  <testcase classname="gproject.prac.TwoTest" name="emailtxt" time="5.389"/>
  <testcase classname="gproject.prac.TwoTest" name="emailtxt" time="4.693"/>
  <testcase classname="gproject.prac.TwoTest" name="createaccount" time="2.23">
    <failure type="java.lang.AssertionError" message="null">
      <![CDATA[java.lang.AssertionError: null
at gproject.prac.TwoTest.createaccount(TwoTest.java:74)
at java.base/java.util.ArrayList.forEach(ArrayList.java:1541)
... Removed 29 stack frames]]>
    </failure>
  </testcase> <!-- createaccount -->
</testsuite> <!-- Test2 -->
